Cardboard/Library/Bee/Android/Prj/IL2CPP/Gradle/unityLibrary/build/intermediates/manifest_merge_blame_file/release/manifest-merger-blame-release-report.txt
1<?xml version="1.0" encoding="utf-8"?>
2<manifest xmlns:android="http://schemas.android.com/apk/res/android"
3    xmlns:tools="http://schemas.android.com/tools"
4    package="com.unity3d.player"
5    android:versionCode="1"
6    android:versionName="0.1" >
7
8    <uses-sdk
9        android:minSdkVersion="26"
9-->src\main\AndroidManifest.xml
10        android:targetSdkVersion="31" />
10-->src\main\AndroidManifest.xml
11
12    <uses-feature android:glEsVersion="0x00030000" />
12-->src\main\AndroidManifest.xml:18:3-52
12-->src\main\AndroidManifest.xml:18:17-49
13    <uses-feature
13-->src\main\AndroidManifest.xml:19:3-88
14        android:name="android.hardware.touchscreen"
14-->src\main\AndroidManifest.xml:19:17-60
15        android:required="false" />
15-->src\main\AndroidManifest.xml:19:61-85
16    <uses-feature
16-->src\main\AndroidManifest.xml:20:3-99
17        android:name="android.hardware.touchscreen.multitouch"
17-->src\main\AndroidManifest.xml:20:17-71
18        android:required="false" />
18-->src\main\AndroidManifest.xml:20:72-96
19    <uses-feature
19-->src\main\AndroidManifest.xml:21:3-108
20        android:name="android.hardware.touchscreen.multitouch.distinct"
20-->src\main\AndroidManifest.xml:21:17-80
21        android:required="false" />
21-->src\main\AndroidManifest.xml:21:81-105
22
23    <application android:extractNativeLibs="true" >
23-->src\main\AndroidManifest.xml:3:3-17:17
23-->src\main\AndroidManifest.xml:3:16-48
24        <activity
24-->src\main\AndroidManifest.xml:4:5-11:16
25            android:name="com.unity3d.player.UnityPlayerActivity"
25-->src\main\AndroidManifest.xml:4:15-68
26            android:configChanges="mcc|mnc|locale|touchscreen|keyboard|keyboardHidden|navigation|orientation|screenLayout|uiMode|screenSize|smallestScreenSize|fontScale|layoutDirection|density"
26-->src\main\AndroidManifest.xml:4:181-362
27            android:exported="true"
27-->src\main\AndroidManifest.xml:4:434-457
28            android:hardwareAccelerated="false"
28-->src\main\AndroidManifest.xml:4:398-433
29            android:launchMode="singleTask"
29-->src\main\AndroidManifest.xml:4:149-180
30            android:resizeableActivity="false"
30-->src\main\AndroidManifest.xml:4:363-397
31            android:screenOrientation="landscape"
31-->src\main\AndroidManifest.xml:4:111-148
32            android:theme="@style/UnityThemeSelector" >
32-->src\main\AndroidManifest.xml:4:69-110
33            <intent-filter>
33-->src\main\AndroidManifest.xml:5:7-8:23
34                <action android:name="android.intent.action.MAIN" />
34-->src\main\AndroidManifest.xml:6:9-61
34-->src\main\AndroidManifest.xml:6:17-58
35
36                <category android:name="android.intent.category.LAUNCHER" />
36-->src\main\AndroidManifest.xml:7:9-69
36-->src\main\AndroidManifest.xml:7:19-66
37            </intent-filter>
38
39            <meta-data
39-->src\main\AndroidManifest.xml:9:7-82
40                android:name="unityplayer.UnityActivity"
40-->src\main\AndroidManifest.xml:9:18-58
41                android:value="true" />
41-->src\main\AndroidManifest.xml:9:59-79
42            <meta-data
42-->src\main\AndroidManifest.xml:10:7-78
43                android:name="android.notch_support"
43-->src\main\AndroidManifest.xml:10:18-54
44                android:value="true" />
44-->src\main\AndroidManifest.xml:10:55-75
45        </activity>
46
47        <meta-data
47-->src\main\AndroidManifest.xml:12:5-69
48            android:name="unity.splash-mode"
48-->src\main\AndroidManifest.xml:12:16-48
49            android:value="0" />
49-->src\main\AndroidManifest.xml:12:49-66
50        <meta-data
50-->src\main\AndroidManifest.xml:13:5-74
51            android:name="unity.splash-enable"
51-->src\main\AndroidManifest.xml:13:16-50
52            android:value="True" />
52-->src\main\AndroidManifest.xml:13:51-71
53        <meta-data
53-->src\main\AndroidManifest.xml:14:5-78
54            android:name="unity.launch-fullscreen"
54-->src\main\AndroidManifest.xml:14:16-54
55            android:value="True" />
55-->src\main\AndroidManifest.xml:14:55-75
56        <meta-data
56-->src\main\AndroidManifest.xml:15:5-84
57            android:name="unity.allow-resizable-window"
57-->src\main\AndroidManifest.xml:15:16-59
58            android:value="False" />
58-->src\main\AndroidManifest.xml:15:60-81
59        <meta-data
59-->src\main\AndroidManifest.xml:16:5-81
60            android:name="notch.config"
60-->src\main\AndroidManifest.xml:16:16-43
61            android:value="portrait|landscape" />
61-->src\main\AndroidManifest.xml:16:44-78
62    </application>
63
64</manifest>